10-fold CV RMSE and MAE for linear regression: 7.890104935265915 6.07008385722137
Optimal parameters for KNN -- fingerprints: {'lam': 0.30000000000000004, 'mu': 0.1, 'n': 4.0}
10-fold CV RMSE and MAE for k-nearest neighbors (fingerprints): 7.816332508452615 5.975325493088633
Parameters used: {'lam': 0.4, 'mu': 0.1, 'n': 4.0}
Optimal parameters for RF -- descriptors: {'max_features': 0.5, 'n_estimators': 263.0}
10-fold CV RMSE and MAE for RF -- descriptors: 6.6034352067275845 4.981845444585757
Parameters used: {'max_features': 0.5, 'n_estimators': 263.0}
Optimal parameters for RF -- fingerprints: {'max_features': 0.2, 'n_estimators': 245.0}
10-fold CV RMSE and MAE for RF -- fingerprints: 6.483686144263291 4.852108584541055
Parameters used: {'max_features': 0.2, 'n_estimators': 245.0}
Optimal parameters for xgboost -- descriptors: {'gamma': 1.400930791910254, 'max_depth': 6.0, 'n_estimators': 97.0, 'reg_alpha': 1.1329084978655546, 'reg_lambda': 0.16339807793349898}
10-fold CV RMSE and MAE for xgboost -- descriptors: 6.890517870510041 5.224842042091039
Parameters used: {'gamma': 1.400930791910254, 'max_depth': 6.0, 'n_estimators': 97.0, 'reg_alpha': 1.1329084978655546, 'reg_lambda': 0.16339807793349898}
Optimal parameters for xgboost -- fingerprints: {'gamma': 1.044915612141278, 'max_depth': 6.0, 'n_estimators': 75.0, 'reg_alpha': 0.32724697343579445, 'reg_lambda': 0.11859539770113067}
10-fold CV RMSE and MAE for xgboost -- fingerprints: 6.702284962651379 5.038978463550907
Parameters used: {'gamma': 1.044915612141278, 'max_depth': 6.0, 'n_estimators': 75.0, 'reg_alpha': 0.32724697343579445, 'reg_lambda': 0.11859539770113067}
__________________________________
New search space XGBoostOptimal parameters for xgboost -- descriptors: {'gamma': 0.0, 'learning_rate': 0.1, 'max_depth': 5.0, 'min_child_weight': 13.799999999999999, 'n_estimators': 300.0}
10-fold CV RMSE and MAE for xgboost -- descriptors: 6.493608123726517 4.886513386777288
Parameters used: {'gamma': 0.0, 'learning_rate': 0.1, 'max_depth': 5.0, 'min_child_weight': 13.799999999999999, 'n_estimators': 300.0}
Optimal parameters for xgboost -- descriptors: {'gamma': 2.3, 'learning_rate': 0.1, 'max_depth': 7.0, 'min_child_weight': 0.0, 'n_estimators': 700.0}
10-fold CV RMSE and MAE for xgboost -- descriptors: 6.9172634533466635 5.261676008151959
Parameters used: {'gamma': 2.3, 'learning_rate': 0.1, 'max_depth': 7.0, 'min_child_weight': 0.0, 'n_estimators': 700.0}
Optimal parameters for xgboost -- descriptors: {'gamma': 9.2, 'learning_rate': 0.1, 'max_depth': 3.0, 'min_child_weight': 4.6, 'n_estimators': 600.0}
10-fold CV RMSE and MAE for xgboost -- descriptors: 7.682634595008368 5.971321255633868
Parameters used: {'gamma': 9.2, 'learning_rate': 0.1, 'max_depth': 3.0, 'min_child_weight': 4.6, 'n_estimators': 600.0}
Optimal parameters for xgboost -- descriptors: {'gamma': 119.6, 'learning_rate': 0.15000000000000002, 'max_depth': 3.0, 'min_child_weight': 2.3, 'n_estimators': 200.0}
10-fold CV RMSE and MAE for xgboost -- descriptors: 9.78957407755071 7.66354654765414
Parameters used: {'gamma': 119.6, 'learning_rate': 0.15000000000000002, 'max_depth': 3.0, 'min_child_weight': 2.3, 'n_estimators': 200.0}
Optimal parameters for xgboost -- descriptors: {'gamma': 0.0, 'learning_rate': 0.15000000000000002, 'max_depth': 8.0, 'min_child_weight': 87.39999999999999, 'n_estimators': 600.0}
10-fold CV RMSE and MAE for xgboost -- descriptors: 6.849368166804486 5.1986301644728465
Parameters used: {'gamma': 0.0, 'learning_rate': 0.15000000000000002, 'max_depth': 8.0, 'min_child_weight': 87.39999999999999, 'n_estimators': 600.0}
Optimal parameters for xgboost -- descriptors: {'gamma': 133.39999999999998, 'learning_rate': 0.15000000000000002, 'max_depth': 7.0, 'min_child_weight': 29.9, 'n_estimators': 400.0}
10-fold CV RMSE and MAE for xgboost -- descriptors: 9.78957407755071 7.66354654765414
Parameters used: {'gamma': 133.39999999999998, 'learning_rate': 0.15000000000000002, 'max_depth': 7.0, 'min_child_weight': 29.9, 'n_estimators': 400.0}
Optimal parameters for xgboost -- descriptors: {'gamma': 2.3, 'learning_rate': 0.05, 'max_depth': 8.0, 'min_child_weight': 6.8999999999999995, 'n_estimators': 600.0}
10-fold CV RMSE and MAE for xgboost -- descriptors: 5.077271476657449 3.81267812677142
Parameters used: {'gamma': 2.3, 'learning_rate': 0.05, 'max_depth': 8.0, 'min_child_weight': 6.8999999999999995, 'n_estimators': 600.0}
_______________________________________________________
NOW FOR GOOD

Optimal parameters for xgboost -- descriptors: {'gamma': 0.0, 'learning_rate': 0.1, 'max_depth': 7.0, 'min_child_weight': 27.599999999999998, 'n_estimators': 200.0}
10-fold CV RMSE and MAE for xgboost -- descriptors: 4.8012328459810565 3.512819122363328
Parameters used: {'gamma': 0.0, 'learning_rate': 0.1, 'max_depth': 7.0, 'min_child_weight': 27.599999999999998, 'n_estimators': 200.0}
10-fold CV RMSE and MAE for linear regression: 7.725691866814108 5.936763093809153
10-fold CV RMSE and MAE for k-nearest neighbors (fingerprints): 5.877236469415019 4.3769893052493165
Parameters used: {'lam': 0.30000000000000004, 'mu': 0.0, 'n': 4.0}
10-fold CV RMSE and MAE for linear regression: 7.725691866814108 5.936763093809153
10-fold CV RMSE and MAE for k-nearest neighbors (fingerprints): 5.741362853136449 4.328262667763173
Parameters used: {'lam': 0.30000000000000004, 'mu': 0.1, 'n': 4.0}
